# JRE version: OpenJDK Runtime Environment (8.0_352-b08) (build 1.8.0_352-b08)
# Java VM: OpenJDK 64-Bit Server VM (25.352-b08 mixed mode windows-amd64 compressed oops)
Heap:
 PSYoungGen      total 634880K, used 58131K [0x00000000d5580000, 0x0000000100000000, 0x0000000100000000)
  eden space 570880K, 7% used [0x00000000d5580000,0x00000000d80b3870,0x00000000f8300000)
  from space 64000K, 21% used [0x00000000f8300000,0x00000000f9091560,0x00000000fc180000)
  to   space 64000K, 0% used [0x00000000fc180000,0x00000000fc180000,0x0000000100000000)
 ParOldGen       total 353792K, used 264332K [0x0000000080000000, 0x0000000095980000, 0x00000000d5580000)
  object space 353792K, 74% used [0x0000000080000000,0x00000000902231c0,0x0000000095980000)
 Metaspace       used 90011K, capacity 94354K, committed 94592K, reserved 1130496K
  class space    used 11956K, capacity 12852K, committed 12928K, reserved 1048576K
GC Heap History (10 events):
Event: 115.852 GC heap before
{Heap before GC invocations=48 (full 7):
 PSYoungGen      total 636928K, used 624078K [0x00000000d5580000, 0x0000000100000000, 0x0000000100000000)
  eden space 582144K, 100% used [0x00000000d5580000,0x00000000f8e00000,0x00000000f8e00000)
  from space 54784K, 76% used [0x00000000fc680000,0x00000000fef73848,0x00000000ffc00000)
  to   space 57856K, 0% used [0x00000000f8e00000,0x00000000f8e00000,0x00000000fc680000)
 ParOldGen       total 353792K, used 215947K [0x0000000080000000, 0x0000000095980000, 0x00000000d5580000)
  object space 353792K, 61% used [0x0000000080000000,0x000000008d2e2f90,0x0000000095980000)
 Metaspace       used 89744K, capacity 94060K, committed 94336K, reserved 1130496K
  class space    used 11939K, capacity 12819K, committed 12928K, reserved 1048576K
Event: 115.922 GC heap after
Heap after GC invocations=48 (full 7):
 PSYoungGen      total 640000K, used 29367K [0x00000000d5580000, 0x00000000fff00000, 0x0000000100000000)
  eden space 582144K, 0% used [0x00000000d5580000,0x00000000d5580000,0x00000000f8e00000)
  from space 57856K, 50% used [0x00000000f8e00000,0x00000000faaadf28,0x00000000fc680000)
  to   space 55808K, 0% used [0x00000000fc880000,0x00000000fc880000,0x00000000fff00000)
 ParOldGen       total 353792K, used 222276K [0x0000000080000000, 0x0000000095980000, 0x00000000d5580000)
  object space 353792K, 62% used [0x0000000080000000,0x000000008d9110d0,0x0000000095980000)
 Metaspace       used 89744K, capacity 94060K, committed 94336K, reserved 1130496K
  class space    used 11939K, capacity 12819K, committed 12928K, reserved 1048576K
}
Event: 117.580 GC heap before
{Heap before GC invocations=49 (full 7):
 PSYoungGen      total 640000K, used 611511K [0x00000000d5580000, 0x00000000fff00000, 0x0000000100000000)
  eden space 582144K, 100% used [0x00000000d5580000,0x00000000f8e00000,0x00000000f8e00000)
  from space 57856K, 50% used [0x00000000f8e00000,0x00000000faaadf28,0x00000000fc680000)
  to   space 55808K, 0% used [0x00000000fc880000,0x00000000fc880000,0x00000000fff00000)
 ParOldGen       total 353792K, used 222276K [0x0000000080000000, 0x0000000095980000, 0x00000000d5580000)
  object space 353792K, 62% used [0x0000000080000000,0x000000008d9110d0,0x0000000095980000)
 Metaspace       used 89789K, capacity 94128K, committed 94336K, reserved 1130496K
  class space    used 11939K, capacity 12819K, committed 12928K, reserved 1048576K
Event: 117.622 GC heap after
Heap after GC invocations=49 (full 7):
 PSYoungGen      total 634880K, used 23800K [0x00000000d5580000, 0x00000000ff900000, 0x0000000100000000)
  eden space 585216K, 0% used [0x00000000d5580000,0x00000000d5580000,0x00000000f9100000)
  from space 49664K, 47% used [0x00000000fc880000,0x00000000fdfbe030,0x00000000ff900000)
  to   space 53248K, 0% used [0x00000000f9100000,0x00000000f9100000,0x00000000fc500000)
 ParOldGen       total 353792K, used 224392K [0x0000000080000000, 0x0000000095980000, 0x00000000d5580000)
  object space 353792K, 63% used [0x0000000080000000,0x000000008db22270,0x0000000095980000)
 Metaspace       used 89789K, capacity 94128K, committed 94336K, reserved 1130496K
  class space    used 11939K, capacity 12819K, committed 12928K, reserved 1048576K
}
Event: 118.537 GC heap before
{Heap before GC invocations=50 (full 7):
 PSYoungGen      total 634880K, used 609016K [0x00000000d5580000, 0x00000000ff900000, 0x0000000100000000)
  eden space 585216K, 100% used [0x00000000d5580000,0x00000000f9100000,0x00000000f9100000)
  from space 49664K, 47% used [0x00000000fc880000,0x00000000fdfbe030,0x00000000ff900000)
  to   space 53248K, 0% used [0x00000000f9100000,0x00000000f9100000,0x00000000fc500000)
 ParOldGen       total 353792K, used 224392K [0x0000000080000000, 0x0000000095980000, 0x00000000d5580000)
  object space 353792K, 63% used [0x0000000080000000,0x000000008db22270,0x0000000095980000)
 Metaspace       used 89851K, capacity 94192K, committed 94336K, reserved 1130496K
  class space    used 11940K, capacity 12819K, committed 12928K, reserved 1048576K
Event: 118.710 GC heap after
Heap after GC invocations=50 (full 7):
 PSYoungGen      total 638464K, used 53226K [0x00000000d5580000, 0x0000000100000000, 0x0000000100000000)
  eden space 585216K, 0% used [0x00000000d5580000,0x00000000d5580000,0x00000000f9100000)
  from space 53248K, 99% used [0x00000000f9100000,0x00000000fc4faae8,0x00000000fc500000)
  to   space 60416K, 0% used [0x00000000fc500000,0x00000000fc500000,0x0000000100000000)
 ParOldGen       total 353792K, used 228563K [0x0000000080000000, 0x0000000095980000, 0x00000000d5580000)
  object space 353792K, 64% used [0x0000000080000000,0x000000008df34e10,0x0000000095980000)
 Metaspace       used 89851K, capacity 94192K, committed 94336K, reserved 1130496K
  class space    used 11940K, capacity 12819K, committed 12928K, reserved 1048576K
}
Event: 119.607 GC heap before
{Heap before GC invocations=51 (full 7):
 PSYoungGen      total 638464K, used 638442K [0x00000000d5580000, 0x0000000100000000, 0x0000000100000000)
  eden space 585216K, 100% used [0x00000000d5580000,0x00000000f9100000,0x00000000f9100000)
  from space 53248K, 99% used [0x00000000f9100000,0x00000000fc4faae8,0x00000000fc500000)
  to   space 60416K, 0% used [0x00000000fc500000,0x00000000fc500000,0x0000000100000000)
 ParOldGen       total 353792K, used 228563K [0x0000000080000000, 0x0000000095980000, 0x00000000d5580000)
  object space 353792K, 64% used [0x0000000080000000,0x000000008df34e10,0x0000000095980000)
 Metaspace       used 89906K, capacity 94192K, committed 94336K, reserved 1130496K
  class space    used 11940K, capacity 12819K, committed 12928K, reserved 1048576K
Event: 119.657 GC heap after
Heap after GC invocations=51 (full 7):
 PSYoungGen      total 631296K, used 44220K [0x00000000d5580000, 0x0000000100000000, 0x0000000100000000)
  eden space 570880K, 0% used [0x00000000d5580000,0x00000000d5580000,0x00000000f8300000)
  from space 60416K, 73% used [0x00000000fc500000,0x00000000ff02f2a0,0x0000000100000000)
  to   space 64000K, 0% used [0x00000000f8300000,0x00000000f8300000,0x00000000fc180000)
 ParOldGen       total 353792K, used 231183K [0x0000000080000000, 0x0000000095980000, 0x00000000d5580000)
  object space 353792K, 65% used [0x0000000080000000,0x000000008e1c3fd8,0x0000000095980000)
 Metaspace       used 89906K, capacity 94192K, committed 94336K, reserved 1130496K
  class space    used 11940K, capacity 12819K, committed 12928K, reserved 1048576K
}
Event: 120.534 GC heap before
{Heap before GC invocations=52 (full 7):
 PSYoungGen      total 631296K, used 615100K [0x00000000d5580000, 0x0000000100000000, 0x0000000100000000)
  eden space 570880K, 100% used [0x00000000d5580000,0x00000000f8300000,0x00000000f8300000)
  from space 60416K, 73% used [0x00000000fc500000,0x00000000ff02f2a0,0x0000000100000000)
  to   space 64000K, 0% used [0x00000000f8300000,0x00000000f8300000,0x00000000fc180000)
 ParOldGen       total 353792K, used 231183K [0x0000000080000000, 0x0000000095980000, 0x00000000d5580000)
  object space 353792K, 65% used [0x0000000080000000,0x000000008e1c3fd8,0x0000000095980000)
 Metaspace       used 90006K, capacity 94354K, committed 94592K, reserved 1130496K
  class space    used 11955K, capacity 12852K, committed 12928K, reserved 1048576K
Event: 120.602 GC heap after
Heap after GC invocations=52 (full 7):
 PSYoungGen      total 634880K, used 13893K [0x00000000d5580000, 0x0000000100000000, 0x0000000100000000)
  eden space 570880K, 0% used [0x00000000d5580000,0x00000000d5580000,0x00000000f8300000)
  from space 64000K, 21% used [0x00000000f8300000,0x00000000f9091560,0x00000000fc180000)
  to   space 64000K, 0% used [0x00000000fc180000,0x00000000fc180000,0x0000000100000000)
 ParOldGen       total 353792K, used 264332K [0x0000000080000000, 0x0000000095980000, 0x00000000d5580000)
  object space 353792K, 74% used [0x0000000080000000,0x00000000902231c0,0x0000000095980000)
 Metaspace       used 90006K, capacity 94354K, committed 94592K, reserved 1130496K
  class space    used 11955K, capacity 12852K, committed 12928K, reserved 1048576K
}

